<?xml version="1.0" encoding="UTF-8"?>
<testsuite xmlns:xsi="http://www.w3.org/2001/XMLSchema-instance" xsi:noNamespaceSchemaLocation="https://maven.apache.org/surefire/maven-surefire-plugin/xsd/surefire-test-report.xsd" name="com.tiger.configserver.ConfigServerApplicationTests" time="8.251" tests="1" errors="0" skipped="0" failures="0">
  <properties>
    <property name="sun.desktop" value="windows"/>
    <property name="awt.toolkit" value="sun.awt.windows.WToolkit"/>
    <property name="file.encoding.pkg" value="sun.io"/>
    <property name="java.specification.version" value="1.8"/>
    <property name="sun.cpu.isalist" value="amd64"/>
    <property name="sun.jnu.encoding" value="GBK"/>
    <property name="java.class.path" value="C:\Users\Administrator\Desktop\com.tiger\services\config-server\target\test-classes;C:\Users\Administrator\Desktop\com.tiger\services\config-server\target\classes;D:\maven\mavenRepository\org\springframework\cloud\spring-cloud-config-server\2.1.1.RELEASE\spring-cloud-config-server-2.1.1.RELEASE.jar;D:\maven\mavenRepository\org\springframework\cloud\spring-cloud-config-client\2.1.1.RELEASE\spring-cloud-config-client-2.1.1.RELEASE.jar;D:\maven\mavenRepository\org\springframework\boot\spring-boot-autoconfigure\2.1.5.RELEASE\spring-boot-autoconfigure-2.1.5.RELEASE.jar;D:\maven\mavenRepository\org\springframework\cloud\spring-cloud-commons\2.1.1.RELEASE\spring-cloud-commons-2.1.1.RELEASE.jar;D:\maven\mavenRepository\org\springframework\cloud\spring-cloud-context\2.1.1.RELEASE\spring-cloud-context-2.1.1.RELEASE.jar;D:\maven\mavenRepository\org\springframework\spring-web\5.1.7.RELEASE\spring-web-5.1.7.RELEASE.jar;D:\maven\mavenRepository\org\springframework\spring-beans\5.1.7.RELEASE\spring-beans-5.1.7.RELEASE.jar;D:\maven\mavenRepository\com\fasterxml\jackson\core\jackson-annotations\2.9.0\jackson-annotations-2.9.0.jar;D:\maven\mavenRepository\com\fasterxml\jackson\core\jackson-databind\2.9.8\jackson-databind-2.9.8.jar;D:\maven\mavenRepository\org\springframework\boot\spring-boot-starter-actuator\2.1.5.RELEASE\spring-boot-starter-actuator-2.1.5.RELEASE.jar;D:\maven\mavenRepository\org\springframework\boot\spring-boot-actuator-autoconfigure\2.1.5.RELEASE\spring-boot-actuator-autoconfigure-2.1.5.RELEASE.jar;D:\maven\mavenRepository\org\springframework\boot\spring-boot-actuator\2.1.5.RELEASE\spring-boot-actuator-2.1.5.RELEASE.jar;D:\maven\mavenRepository\org\springframework\spring-context\5.1.7.RELEASE\spring-context-5.1.7.RELEASE.jar;D:\maven\mavenRepository\com\fasterxml\jackson\datatype\jackson-datatype-jsr310\2.9.8\jackson-datatype-jsr310-2.9.8.jar;D:\maven\mavenRepository\io\micrometer\micrometer-core\1.1.4\micrometer-core-1.1.4.jar;D:\maven\mavenRepository\org\hdrhistogram\HdrHistogram\2.1.9\HdrHistogram-2.1.9.jar;D:\maven\mavenRepository\org\latencyutils\LatencyUtils\2.0.3\LatencyUtils-2.0.3.jar;D:\maven\mavenRepository\org\springframework\boot\spring-boot-starter-web\2.1.5.RELEASE\spring-boot-starter-web-2.1.5.RELEASE.jar;D:\maven\mavenRepository\org\springframework\boot\spring-boot-starter-json\2.1.5.RELEASE\spring-boot-starter-json-2.1.5.RELEASE.jar;D:\maven\mavenRepository\com\fasterxml\jackson\datatype\jackson-datatype-jdk8\2.9.8\jackson-datatype-jdk8-2.9.8.jar;D:\maven\mavenRepository\com\fasterxml\jackson\module\jackson-module-parameter-names\2.9.8\jackson-module-parameter-names-2.9.8.jar;D:\maven\mavenRepository\org\springframework\boot\spring-boot-starter-tomcat\2.1.5.RELEASE\spring-boot-starter-tomcat-2.1.5.RELEASE.jar;D:\maven\mavenRepository\org\apache\tomcat\embed\tomcat-embed-core\9.0.19\tomcat-embed-core-9.0.19.jar;D:\maven\mavenRepository\org\apache\tomcat\embed\tomcat-embed-el\9.0.19\tomcat-embed-el-9.0.19.jar;D:\maven\mavenRepository\org\apache\tomcat\embed\tomcat-embed-websocket\9.0.19\tomcat-embed-websocket-9.0.19.jar;D:\maven\mavenRepository\org\hibernate\validator\hibernate-validator\6.0.16.Final\hibernate-validator-6.0.16.Final.jar;D:\maven\mavenRepository\javax\validation\validation-api\2.0.1.Final\validation-api-2.0.1.Final.jar;D:\maven\mavenRepository\org\jboss\logging\jboss-logging\3.3.2.Final\jboss-logging-3.3.2.Final.jar;D:\maven\mavenRepository\com\fasterxml\classmate\1.4.0\classmate-1.4.0.jar;D:\maven\mavenRepository\org\springframework\spring-webmvc\5.1.7.RELEASE\spring-webmvc-5.1.7.RELEASE.jar;D:\maven\mavenRepository\org\springframework\spring-aop\5.1.7.RELEASE\spring-aop-5.1.7.RELEASE.jar;D:\maven\mavenRepository\org\springframework\spring-expression\5.1.7.RELEASE\spring-expression-5.1.7.RELEASE.jar;D:\maven\mavenRepository\org\springframework\security\spring-security-crypto\5.1.5.RELEASE\spring-security-crypto-5.1.5.RELEASE.jar;D:\maven\mavenRepository\org\springframework\security\spring-security-rsa\1.0.7.RELEASE\spring-security-rsa-1.0.7.RELEASE.jar;D:\maven\mavenRepository\org\bouncycastle\bcpkix-jdk15on\1.60\bcpkix-jdk15on-1.60.jar;D:\maven\mavenRepository\org\bouncycastle\bcprov-jdk15on\1.60\bcprov-jdk15on-1.60.jar;D:\maven\mavenRepository\org\eclipse\jgit\org.eclipse.jgit\5.1.3.201810200350-r\org.eclipse.jgit-5.1.3.201810200350-r.jar;D:\maven\mavenRepository\com\jcraft\jsch\0.1.54\jsch-0.1.54.jar;D:\maven\mavenRepository\com\jcraft\jzlib\1.1.1\jzlib-1.1.1.jar;D:\maven\mavenRepository\com\googlecode\javaewah\JavaEWAH\1.1.6\JavaEWAH-1.1.6.jar;D:\maven\mavenRepository\org\slf4j\slf4j-api\1.7.26\slf4j-api-1.7.26.jar;D:\maven\mavenRepository\org\eclipse\jgit\org.eclipse.jgit.http.apache\5.1.3.201810200350-r\org.eclipse.jgit.http.apache-5.1.3.201810200350-r.jar;D:\maven\mavenRepository\org\apache\httpcomponents\httpclient\4.5.8\httpclient-4.5.8.jar;D:\maven\mavenRepository\commons-codec\commons-codec\1.11\commons-codec-1.11.jar;D:\maven\mavenRepository\org\apache\httpcomponents\httpcore\4.4.11\httpcore-4.4.11.jar;D:\maven\mavenRepository\org\yaml\snakeyaml\1.23\snakeyaml-1.23.jar;D:\maven\mavenRepository\org\springframework\cloud\spring-cloud-starter-netflix-eureka-client\2.1.1.RELEASE\spring-cloud-starter-netflix-eureka-client-2.1.1.RELEASE.jar;D:\maven\mavenRepository\org\springframework\cloud\spring-cloud-starter\2.1.1.RELEASE\spring-cloud-starter-2.1.1.RELEASE.jar;D:\maven\mavenRepository\org\springframework\cloud\spring-cloud-netflix-hystrix\2.1.1.RELEASE\spring-cloud-netflix-hystrix-2.1.1.RELEASE.jar;D:\maven\mavenRepository\org\springframework\boot\spring-boot-starter-aop\2.1.5.RELEASE\spring-boot-starter-aop-2.1.5.RELEASE.jar;D:\maven\mavenRepository\org\aspectj\aspectjweaver\1.9.4\aspectjweaver-1.9.4.jar;D:\maven\mavenRepository\org\springframework\cloud\spring-cloud-netflix-eureka-client\2.1.1.RELEASE\spring-cloud-netflix-eureka-client-2.1.1.RELEASE.jar;D:\maven\mavenRepository\com\netflix\eureka\eureka-client\1.9.8\eureka-client-1.9.8.jar;D:\maven\mavenRepository\org\codehaus\jettison\jettison\1.3.7\jettison-1.3.7.jar;D:\maven\mavenRepository\stax\stax-api\1.0.1\stax-api-1.0.1.jar;D:\maven\mavenRepository\com\netflix\netflix-commons\netflix-eventbus\0.3.0\netflix-eventbus-0.3.0.jar;D:\maven\mavenRepository\com\netflix\netflix-commons\netflix-infix\0.3.0\netflix-infix-0.3.0.jar;D:\maven\mavenRepository\commons-jxpath\commons-jxpath\1.3\commons-jxpath-1.3.jar;D:\maven\mavenRepository\joda-time\joda-time\2.10.2\joda-time-2.10.2.jar;D:\maven\mavenRepository\org\antlr\antlr-runtime\3.4\antlr-runtime-3.4.jar;D:\maven\mavenRepository\org\antlr\stringtemplate\3.2.1\stringtemplate-3.2.1.jar;D:\maven\mavenRepository\antlr\antlr\2.7.7\antlr-2.7.7.jar;D:\maven\mavenRepository\com\google\code\gson\gson\2.8.5\gson-2.8.5.jar;D:\maven\mavenRepository\org\apache\commons\commons-math\2.2\commons-math-2.2.jar;D:\maven\mavenRepository\com\netflix\archaius\archaius-core\0.7.6\archaius-core-0.7.6.jar;D:\maven\mavenRepository\com\google\guava\guava\16.0\guava-16.0.jar;D:\maven\mavenRepository\javax\ws\rs\jsr311-api\1.1.1\jsr311-api-1.1.1.jar;D:\maven\mavenRepository\com\netflix\servo\servo-core\0.12.21\servo-core-0.12.21.jar;D:\maven\mavenRepository\com\sun\jersey\jersey-core\1.19.1\jersey-core-1.19.1.jar;D:\maven\mavenRepository\com\sun\jersey\jersey-client\1.19.1\jersey-client-1.19.1.jar;D:\maven\mavenRepository\com\sun\jersey\contribs\jersey-apache-client4\1.19.1\jersey-apache-client4-1.19.1.jar;D:\maven\mavenRepository\com\google\inject\guice\4.1.0\guice-4.1.0.jar;D:\maven\mavenRepository\javax\inject\javax.inject\1\javax.inject-1.jar;D:\maven\mavenRepository\aopalliance\aopalliance\1.0\aopalliance-1.0.jar;D:\maven\mavenRepository\com\github\vlsi\compactmap\compactmap\1.2.1\compactmap-1.2.1.jar;D:\maven\mavenRepository\com\github\andrewoma\dexx\dexx-collections\0.2\dexx-collections-0.2.jar;D:\maven\mavenRepository\com\fasterxml\jackson\core\jackson-core\2.9.8\jackson-core-2.9.8.jar;D:\maven\mavenRepository\com\netflix\eureka\eureka-core\1.9.8\eureka-core-1.9.8.jar;D:\maven\mavenRepository\org\codehaus\woodstox\woodstox-core-asl\4.4.1\woodstox-core-asl-4.4.1.jar;D:\maven\mavenRepository\javax\xml\stream\stax-api\1.0-2\stax-api-1.0-2.jar;D:\maven\mavenRepository\org\codehaus\woodstox\stax2-api\3.1.4\stax2-api-3.1.4.jar;D:\maven\mavenRepository\org\springframework\cloud\spring-cloud-starter-netflix-archaius\2.1.1.RELEASE\spring-cloud-starter-netflix-archaius-2.1.1.RELEASE.jar;D:\maven\mavenRepository\org\springframework\cloud\spring-cloud-netflix-ribbon\2.1.1.RELEASE\spring-cloud-netflix-ribbon-2.1.1.RELEASE.jar;D:\maven\mavenRepository\org\springframework\cloud\spring-cloud-netflix-archaius\2.1.1.RELEASE\spring-cloud-netflix-archaius-2.1.1.RELEASE.jar;D:\maven\mavenRepository\commons-configuration\commons-configuration\1.8\commons-configuration-1.8.jar;D:\maven\mavenRepository\commons-lang\commons-lang\2.6\commons-lang-2.6.jar;D:\maven\mavenRepository\org\springframework\cloud\spring-cloud-starter-netflix-ribbon\2.1.1.RELEASE\spring-cloud-starter-netflix-ribbon-2.1.1.RELEASE.jar;D:\maven\mavenRepository\com\netflix\ribbon\ribbon\2.3.0\ribbon-2.3.0.jar;D:\maven\mavenRepository\com\netflix\ribbon\ribbon-transport\2.3.0\ribbon-transport-2.3.0.jar;D:\maven\mavenRepository\io\reactivex\rxnetty-contexts\0.4.9\rxnetty-contexts-0.4.9.jar;D:\maven\mavenRepository\io\reactivex\rxnetty-servo\0.4.9\rxnetty-servo-0.4.9.jar;D:\maven\mavenRepository\com\netflix\hystrix\hystrix-core\1.5.18\hystrix-core-1.5.18.jar;D:\maven\mavenRepository\io\reactivex\rxnetty\0.4.9\rxnetty-0.4.9.jar;D:\maven\mavenRepository\com\netflix\ribbon\ribbon-core\2.3.0\ribbon-core-2.3.0.jar;D:\maven\mavenRepository\com\netflix\ribbon\ribbon-httpclient\2.3.0\ribbon-httpclient-2.3.0.jar;D:\maven\mavenRepository\commons-collections\commons-collections\3.2.2\commons-collections-3.2.2.jar;D:\maven\mavenRepository\com\netflix\netflix-commons\netflix-commons-util\0.3.0\netflix-commons-util-0.3.0.jar;D:\maven\mavenRepository\com\netflix\ribbon\ribbon-loadbalancer\2.3.0\ribbon-loadbalancer-2.3.0.jar;D:\maven\mavenRepository\com\netflix\netflix-commons\netflix-statistics\0.1.1\netflix-statistics-0.1.1.jar;D:\maven\mavenRepository\io\reactivex\rxjava\1.3.8\rxjava-1.3.8.jar;D:\maven\mavenRepository\com\netflix\ribbon\ribbon-eureka\2.3.0\ribbon-eureka-2.3.0.jar;D:\maven\mavenRepository\com\thoughtworks\xstream\xstream\1.4.10\xstream-1.4.10.jar;D:\maven\mavenRepository\xmlpull\xmlpull\1.1.3.1\xmlpull-1.1.3.1.jar;D:\maven\mavenRepository\xpp3\xpp3_min\1.1.4c\xpp3_min-1.1.4c.jar;D:\maven\mavenRepository\org\springframework\boot\spring-boot-starter-test\2.1.5.RELEASE\spring-boot-starter-test-2.1.5.RELEASE.jar;D:\maven\mavenRepository\org\springframework\boot\spring-boot-starter\2.1.5.RELEASE\spring-boot-starter-2.1.5.RELEASE.jar;D:\maven\mavenRepository\org\springframework\boot\spring-boot\2.1.5.RELEASE\spring-boot-2.1.5.RELEASE.jar;D:\maven\mavenRepository\org\springframework\boot\spring-boot-starter-logging\2.1.5.RELEASE\spring-boot-starter-logging-2.1.5.RELEASE.jar;D:\maven\mavenRepository\ch\qos\logback\logback-classic\1.2.3\logback-classic-1.2.3.jar;D:\maven\mavenRepository\ch\qos\logback\logback-core\1.2.3\logback-core-1.2.3.jar;D:\maven\mavenRepository\org\apache\logging\log4j\log4j-to-slf4j\2.11.2\log4j-to-slf4j-2.11.2.jar;D:\maven\mavenRepository\org\apache\logging\log4j\log4j-api\2.11.2\log4j-api-2.11.2.jar;D:\maven\mavenRepository\org\slf4j\jul-to-slf4j\1.7.26\jul-to-slf4j-1.7.26.jar;D:\maven\mavenRepository\javax\annotation\javax.annotation-api\1.3.2\javax.annotation-api-1.3.2.jar;D:\maven\mavenRepository\org\springframework\boot\spring-boot-test\2.1.5.RELEASE\spring-boot-test-2.1.5.RELEASE.jar;D:\maven\mavenRepository\org\springframework\boot\spring-boot-test-autoconfigure\2.1.5.RELEASE\spring-boot-test-autoconfigure-2.1.5.RELEASE.jar;D:\maven\mavenRepository\com\jayway\jsonpath\json-path\2.4.0\json-path-2.4.0.jar;D:\maven\mavenRepository\net\minidev\json-smart\2.3\json-smart-2.3.jar;D:\maven\mavenRepository\net\minidev\accessors-smart\1.2\accessors-smart-1.2.jar;D:\maven\mavenRepository\org\ow2\asm\asm\5.0.4\asm-5.0.4.jar;D:\maven\mavenRepository\junit\junit\4.12\junit-4.12.jar;D:\maven\mavenRepository\org\assertj\assertj-core\3.11.1\assertj-core-3.11.1.jar;D:\maven\mavenRepository\org\mockito\mockito-core\2.23.4\mockito-core-2.23.4.jar;D:\maven\mavenRepository\net\bytebuddy\byte-buddy\1.9.12\byte-buddy-1.9.12.jar;D:\maven\mavenRepository\net\bytebuddy\byte-buddy-agent\1.9.12\byte-buddy-agent-1.9.12.jar;D:\maven\mavenRepository\org\objenesis\objenesis\2.6\objenesis-2.6.jar;D:\maven\mavenRepository\org\hamcrest\hamcrest-core\1.3\hamcrest-core-1.3.jar;D:\maven\mavenRepository\org\hamcrest\hamcrest-library\1.3\hamcrest-library-1.3.jar;D:\maven\mavenRepository\org\skyscreamer\jsonassert\1.5.0\jsonassert-1.5.0.jar;D:\maven\mavenRepository\com\vaadin\external\google\android-json\0.0.20131108.vaadin1\android-json-0.0.20131108.vaadin1.jar;D:\maven\mavenRepository\org\springframework\spring-core\5.1.7.RELEASE\spring-core-5.1.7.RELEASE.jar;D:\maven\mavenRepository\org\springframework\spring-jcl\5.1.7.RELEASE\spring-jcl-5.1.7.RELEASE.jar;D:\maven\mavenRepository\org\springframework\spring-test\5.1.7.RELEASE\spring-test-5.1.7.RELEASE.jar;D:\maven\mavenRepository\org\xmlunit\xmlunit-core\2.6.2\xmlunit-core-2.6.2.jar;"/>
    <property name="java.vm.vendor" value="Oracle Corporation"/>
    <property name="sun.arch.data.model" value="64"/>
    <property name="user.variant" value=""/>
    <property name="java.vendor.url" value="http://java.oracle.com/"/>
    <property name="user.timezone" value="Asia/Shanghai"/>
    <property name="java.vm.specification.version" value="1.8"/>
    <property name="os.name" value="Windows 10"/>
    <property name="user.country" value="CN"/>
    <property name="sun.java.launcher" value="SUN_STANDARD"/>
    <property name="sun.boot.library.path" value="D:\Program Files\Java\jdk1.8.0_121\jre\bin"/>
    <property name="sun.java.command" value="C:\Users\ADMINI~1\AppData\Local\Temp\surefire8193881025097880207\surefirebooter7445658091285419835.jar C:\Users\Administrator\AppData\Local\Temp\surefire8193881025097880207 2019-06-19T15-19-10_187-jvmRun1 surefire3342086797542700038tmp surefire_05942795334978726117tmp"/>
    <property name="surefire.test.class.path" value="C:\Users\Administrator\Desktop\com.tiger\services\config-server\target\test-classes;C:\Users\Administrator\Desktop\com.tiger\services\config-server\target\classes;D:\maven\mavenRepository\org\springframework\cloud\spring-cloud-config-server\2.1.1.RELEASE\spring-cloud-config-server-2.1.1.RELEASE.jar;D:\maven\mavenRepository\org\springframework\cloud\spring-cloud-config-client\2.1.1.RELEASE\spring-cloud-config-client-2.1.1.RELEASE.jar;D:\maven\mavenRepository\org\springframework\boot\spring-boot-autoconfigure\2.1.5.RELEASE\spring-boot-autoconfigure-2.1.5.RELEASE.jar;D:\maven\mavenRepository\org\springframework\cloud\spring-cloud-commons\2.1.1.RELEASE\spring-cloud-commons-2.1.1.RELEASE.jar;D:\maven\mavenRepository\org\springframework\cloud\spring-cloud-context\2.1.1.RELEASE\spring-cloud-context-2.1.1.RELEASE.jar;D:\maven\mavenRepository\org\springframework\spring-web\5.1.7.RELEASE\spring-web-5.1.7.RELEASE.jar;D:\maven\mavenRepository\org\springframework\spring-beans\5.1.7.RELEASE\spring-beans-5.1.7.RELEASE.jar;D:\maven\mavenRepository\com\fasterxml\jackson\core\jackson-annotations\2.9.0\jackson-annotations-2.9.0.jar;D:\maven\mavenRepository\com\fasterxml\jackson\core\jackson-databind\2.9.8\jackson-databind-2.9.8.jar;D:\maven\mavenRepository\org\springframework\boot\spring-boot-starter-actuator\2.1.5.RELEASE\spring-boot-starter-actuator-2.1.5.RELEASE.jar;D:\maven\mavenRepository\org\springframework\boot\spring-boot-actuator-autoconfigure\2.1.5.RELEASE\spring-boot-actuator-autoconfigure-2.1.5.RELEASE.jar;D:\maven\mavenRepository\org\springframework\boot\spring-boot-actuator\2.1.5.RELEASE\spring-boot-actuator-2.1.5.RELEASE.jar;D:\maven\mavenRepository\org\springframework\spring-context\5.1.7.RELEASE\spring-context-5.1.7.RELEASE.jar;D:\maven\mavenRepository\com\fasterxml\jackson\datatype\jackson-datatype-jsr310\2.9.8\jackson-datatype-jsr310-2.9.8.jar;D:\maven\mavenRepository\io\micrometer\micrometer-core\1.1.4\micrometer-core-1.1.4.jar;D:\maven\mavenRepository\org\hdrhistogram\HdrHistogram\2.1.9\HdrHistogram-2.1.9.jar;D:\maven\mavenRepository\org\latencyutils\LatencyUtils\2.0.3\LatencyUtils-2.0.3.jar;D:\maven\mavenRepository\org\springframework\boot\spring-boot-starter-web\2.1.5.RELEASE\spring-boot-starter-web-2.1.5.RELEASE.jar;D:\maven\mavenRepository\org\springframework\boot\spring-boot-starter-json\2.1.5.RELEASE\spring-boot-starter-json-2.1.5.RELEASE.jar;D:\maven\mavenRepository\com\fasterxml\jackson\datatype\jackson-datatype-jdk8\2.9.8\jackson-datatype-jdk8-2.9.8.jar;D:\maven\mavenRepository\com\fasterxml\jackson\module\jackson-module-parameter-names\2.9.8\jackson-module-parameter-names-2.9.8.jar;D:\maven\mavenRepository\org\springframework\boot\spring-boot-starter-tomcat\2.1.5.RELEASE\spring-boot-starter-tomcat-2.1.5.RELEASE.jar;D:\maven\mavenRepository\org\apache\tomcat\embed\tomcat-embed-core\9.0.19\tomcat-embed-core-9.0.19.jar;D:\maven\mavenRepository\org\apache\tomcat\embed\tomcat-embed-el\9.0.19\tomcat-embed-el-9.0.19.jar;D:\maven\mavenRepository\org\apache\tomcat\embed\tomcat-embed-websocket\9.0.19\tomcat-embed-websocket-9.0.19.jar;D:\maven\mavenRepository\org\hibernate\validator\hibernate-validator\6.0.16.Final\hibernate-validator-6.0.16.Final.jar;D:\maven\mavenRepository\javax\validation\validation-api\2.0.1.Final\validation-api-2.0.1.Final.jar;D:\maven\mavenRepository\org\jboss\logging\jboss-logging\3.3.2.Final\jboss-logging-3.3.2.Final.jar;D:\maven\mavenRepository\com\fasterxml\classmate\1.4.0\classmate-1.4.0.jar;D:\maven\mavenRepository\org\springframework\spring-webmvc\5.1.7.RELEASE\spring-webmvc-5.1.7.RELEASE.jar;D:\maven\mavenRepository\org\springframework\spring-aop\5.1.7.RELEASE\spring-aop-5.1.7.RELEASE.jar;D:\maven\mavenRepository\org\springframework\spring-expression\5.1.7.RELEASE\spring-expression-5.1.7.RELEASE.jar;D:\maven\mavenRepository\org\springframework\security\spring-security-crypto\5.1.5.RELEASE\spring-security-crypto-5.1.5.RELEASE.jar;D:\maven\mavenRepository\org\springframework\security\spring-security-rsa\1.0.7.RELEASE\spring-security-rsa-1.0.7.RELEASE.jar;D:\maven\mavenRepository\org\bouncycastle\bcpkix-jdk15on\1.60\bcpkix-jdk15on-1.60.jar;D:\maven\mavenRepository\org\bouncycastle\bcprov-jdk15on\1.60\bcprov-jdk15on-1.60.jar;D:\maven\mavenRepository\org\eclipse\jgit\org.eclipse.jgit\5.1.3.201810200350-r\org.eclipse.jgit-5.1.3.201810200350-r.jar;D:\maven\mavenRepository\com\jcraft\jsch\0.1.54\jsch-0.1.54.jar;D:\maven\mavenRepository\com\jcraft\jzlib\1.1.1\jzlib-1.1.1.jar;D:\maven\mavenRepository\com\googlecode\javaewah\JavaEWAH\1.1.6\JavaEWAH-1.1.6.jar;D:\maven\mavenRepository\org\slf4j\slf4j-api\1.7.26\slf4j-api-1.7.26.jar;D:\maven\mavenRepository\org\eclipse\jgit\org.eclipse.jgit.http.apache\5.1.3.201810200350-r\org.eclipse.jgit.http.apache-5.1.3.201810200350-r.jar;D:\maven\mavenRepository\org\apache\httpcomponents\httpclient\4.5.8\httpclient-4.5.8.jar;D:\maven\mavenRepository\commons-codec\commons-codec\1.11\commons-codec-1.11.jar;D:\maven\mavenRepository\org\apache\httpcomponents\httpcore\4.4.11\httpcore-4.4.11.jar;D:\maven\mavenRepository\org\yaml\snakeyaml\1.23\snakeyaml-1.23.jar;D:\maven\mavenRepository\org\springframework\cloud\spring-cloud-starter-netflix-eureka-client\2.1.1.RELEASE\spring-cloud-starter-netflix-eureka-client-2.1.1.RELEASE.jar;D:\maven\mavenRepository\org\springframework\cloud\spring-cloud-starter\2.1.1.RELEASE\spring-cloud-starter-2.1.1.RELEASE.jar;D:\maven\mavenRepository\org\springframework\cloud\spring-cloud-netflix-hystrix\2.1.1.RELEASE\spring-cloud-netflix-hystrix-2.1.1.RELEASE.jar;D:\maven\mavenRepository\org\springframework\boot\spring-boot-starter-aop\2.1.5.RELEASE\spring-boot-starter-aop-2.1.5.RELEASE.jar;D:\maven\mavenRepository\org\aspectj\aspectjweaver\1.9.4\aspectjweaver-1.9.4.jar;D:\maven\mavenRepository\org\springframework\cloud\spring-cloud-netflix-eureka-client\2.1.1.RELEASE\spring-cloud-netflix-eureka-client-2.1.1.RELEASE.jar;D:\maven\mavenRepository\com\netflix\eureka\eureka-client\1.9.8\eureka-client-1.9.8.jar;D:\maven\mavenRepository\org\codehaus\jettison\jettison\1.3.7\jettison-1.3.7.jar;D:\maven\mavenRepository\stax\stax-api\1.0.1\stax-api-1.0.1.jar;D:\maven\mavenRepository\com\netflix\netflix-commons\netflix-eventbus\0.3.0\netflix-eventbus-0.3.0.jar;D:\maven\mavenRepository\com\netflix\netflix-commons\netflix-infix\0.3.0\netflix-infix-0.3.0.jar;D:\maven\mavenRepository\commons-jxpath\commons-jxpath\1.3\commons-jxpath-1.3.jar;D:\maven\mavenRepository\joda-time\joda-time\2.10.2\joda-time-2.10.2.jar;D:\maven\mavenRepository\org\antlr\antlr-runtime\3.4\antlr-runtime-3.4.jar;D:\maven\mavenRepository\org\antlr\stringtemplate\3.2.1\stringtemplate-3.2.1.jar;D:\maven\mavenRepository\antlr\antlr\2.7.7\antlr-2.7.7.jar;D:\maven\mavenRepository\com\google\code\gson\gson\2.8.5\gson-2.8.5.jar;D:\maven\mavenRepository\org\apache\commons\commons-math\2.2\commons-math-2.2.jar;D:\maven\mavenRepository\com\netflix\archaius\archaius-core\0.7.6\archaius-core-0.7.6.jar;D:\maven\mavenRepository\com\google\guava\guava\16.0\guava-16.0.jar;D:\maven\mavenRepository\javax\ws\rs\jsr311-api\1.1.1\jsr311-api-1.1.1.jar;D:\maven\mavenRepository\com\netflix\servo\servo-core\0.12.21\servo-core-0.12.21.jar;D:\maven\mavenRepository\com\sun\jersey\jersey-core\1.19.1\jersey-core-1.19.1.jar;D:\maven\mavenRepository\com\sun\jersey\jersey-client\1.19.1\jersey-client-1.19.1.jar;D:\maven\mavenRepository\com\sun\jersey\contribs\jersey-apache-client4\1.19.1\jersey-apache-client4-1.19.1.jar;D:\maven\mavenRepository\com\google\inject\guice\4.1.0\guice-4.1.0.jar;D:\maven\mavenRepository\javax\inject\javax.inject\1\javax.inject-1.jar;D:\maven\mavenRepository\aopalliance\aopalliance\1.0\aopalliance-1.0.jar;D:\maven\mavenRepository\com\github\vlsi\compactmap\compactmap\1.2.1\compactmap-1.2.1.jar;D:\maven\mavenRepository\com\github\andrewoma\dexx\dexx-collections\0.2\dexx-collections-0.2.jar;D:\maven\mavenRepository\com\fasterxml\jackson\core\jackson-core\2.9.8\jackson-core-2.9.8.jar;D:\maven\mavenRepository\com\netflix\eureka\eureka-core\1.9.8\eureka-core-1.9.8.jar;D:\maven\mavenRepository\org\codehaus\woodstox\woodstox-core-asl\4.4.1\woodstox-core-asl-4.4.1.jar;D:\maven\mavenRepository\javax\xml\stream\stax-api\1.0-2\stax-api-1.0-2.jar;D:\maven\mavenRepository\org\codehaus\woodstox\stax2-api\3.1.4\stax2-api-3.1.4.jar;D:\maven\mavenRepository\org\springframework\cloud\spring-cloud-starter-netflix-archaius\2.1.1.RELEASE\spring-cloud-starter-netflix-archaius-2.1.1.RELEASE.jar;D:\maven\mavenRepository\org\springframework\cloud\spring-cloud-netflix-ribbon\2.1.1.RELEASE\spring-cloud-netflix-ribbon-2.1.1.RELEASE.jar;D:\maven\mavenRepository\org\springframework\cloud\spring-cloud-netflix-archaius\2.1.1.RELEASE\spring-cloud-netflix-archaius-2.1.1.RELEASE.jar;D:\maven\mavenRepository\commons-configuration\commons-configuration\1.8\commons-configuration-1.8.jar;D:\maven\mavenRepository\commons-lang\commons-lang\2.6\commons-lang-2.6.jar;D:\maven\mavenRepository\org\springframework\cloud\spring-cloud-starter-netflix-ribbon\2.1.1.RELEASE\spring-cloud-starter-netflix-ribbon-2.1.1.RELEASE.jar;D:\maven\mavenRepository\com\netflix\ribbon\ribbon\2.3.0\ribbon-2.3.0.jar;D:\maven\mavenRepository\com\netflix\ribbon\ribbon-transport\2.3.0\ribbon-transport-2.3.0.jar;D:\maven\mavenRepository\io\reactivex\rxnetty-contexts\0.4.9\rxnetty-contexts-0.4.9.jar;D:\maven\mavenRepository\io\reactivex\rxnetty-servo\0.4.9\rxnetty-servo-0.4.9.jar;D:\maven\mavenRepository\com\netflix\hystrix\hystrix-core\1.5.18\hystrix-core-1.5.18.jar;D:\maven\mavenRepository\io\reactivex\rxnetty\0.4.9\rxnetty-0.4.9.jar;D:\maven\mavenRepository\com\netflix\ribbon\ribbon-core\2.3.0\ribbon-core-2.3.0.jar;D:\maven\mavenRepository\com\netflix\ribbon\ribbon-httpclient\2.3.0\ribbon-httpclient-2.3.0.jar;D:\maven\mavenRepository\commons-collections\commons-collections\3.2.2\commons-collections-3.2.2.jar;D:\maven\mavenRepository\com\netflix\netflix-commons\netflix-commons-util\0.3.0\netflix-commons-util-0.3.0.jar;D:\maven\mavenRepository\com\netflix\ribbon\ribbon-loadbalancer\2.3.0\ribbon-loadbalancer-2.3.0.jar;D:\maven\mavenRepository\com\netflix\netflix-commons\netflix-statistics\0.1.1\netflix-statistics-0.1.1.jar;D:\maven\mavenRepository\io\reactivex\rxjava\1.3.8\rxjava-1.3.8.jar;D:\maven\mavenRepository\com\netflix\ribbon\ribbon-eureka\2.3.0\ribbon-eureka-2.3.0.jar;D:\maven\mavenRepository\com\thoughtworks\xstream\xstream\1.4.10\xstream-1.4.10.jar;D:\maven\mavenRepository\xmlpull\xmlpull\1.1.3.1\xmlpull-1.1.3.1.jar;D:\maven\mavenRepository\xpp3\xpp3_min\1.1.4c\xpp3_min-1.1.4c.jar;D:\maven\mavenRepository\org\springframework\boot\spring-boot-starter-test\2.1.5.RELEASE\spring-boot-starter-test-2.1.5.RELEASE.jar;D:\maven\mavenRepository\org\springframework\boot\spring-boot-starter\2.1.5.RELEASE\spring-boot-starter-2.1.5.RELEASE.jar;D:\maven\mavenRepository\org\springframework\boot\spring-boot\2.1.5.RELEASE\spring-boot-2.1.5.RELEASE.jar;D:\maven\mavenRepository\org\springframework\boot\spring-boot-starter-logging\2.1.5.RELEASE\spring-boot-starter-logging-2.1.5.RELEASE.jar;D:\maven\mavenRepository\ch\qos\logback\logback-classic\1.2.3\logback-classic-1.2.3.jar;D:\maven\mavenRepository\ch\qos\logback\logback-core\1.2.3\logback-core-1.2.3.jar;D:\maven\mavenRepository\org\apache\logging\log4j\log4j-to-slf4j\2.11.2\log4j-to-slf4j-2.11.2.jar;D:\maven\mavenRepository\org\apache\logging\log4j\log4j-api\2.11.2\log4j-api-2.11.2.jar;D:\maven\mavenRepository\org\slf4j\jul-to-slf4j\1.7.26\jul-to-slf4j-1.7.26.jar;D:\maven\mavenRepository\javax\annotation\javax.annotation-api\1.3.2\javax.annotation-api-1.3.2.jar;D:\maven\mavenRepository\org\springframework\boot\spring-boot-test\2.1.5.RELEASE\spring-boot-test-2.1.5.RELEASE.jar;D:\maven\mavenRepository\org\springframework\boot\spring-boot-test-autoconfigure\2.1.5.RELEASE\spring-boot-test-autoconfigure-2.1.5.RELEASE.jar;D:\maven\mavenRepository\com\jayway\jsonpath\json-path\2.4.0\json-path-2.4.0.jar;D:\maven\mavenRepository\net\minidev\json-smart\2.3\json-smart-2.3.jar;D:\maven\mavenRepository\net\minidev\accessors-smart\1.2\accessors-smart-1.2.jar;D:\maven\mavenRepository\org\ow2\asm\asm\5.0.4\asm-5.0.4.jar;D:\maven\mavenRepository\junit\junit\4.12\junit-4.12.jar;D:\maven\mavenRepository\org\assertj\assertj-core\3.11.1\assertj-core-3.11.1.jar;D:\maven\mavenRepository\org\mockito\mockito-core\2.23.4\mockito-core-2.23.4.jar;D:\maven\mavenRepository\net\bytebuddy\byte-buddy\1.9.12\byte-buddy-1.9.12.jar;D:\maven\mavenRepository\net\bytebuddy\byte-buddy-agent\1.9.12\byte-buddy-agent-1.9.12.jar;D:\maven\mavenRepository\org\objenesis\objenesis\2.6\objenesis-2.6.jar;D:\maven\mavenRepository\org\hamcrest\hamcrest-core\1.3\hamcrest-core-1.3.jar;D:\maven\mavenRepository\org\hamcrest\hamcrest-library\1.3\hamcrest-library-1.3.jar;D:\maven\mavenRepository\org\skyscreamer\jsonassert\1.5.0\jsonassert-1.5.0.jar;D:\maven\mavenRepository\com\vaadin\external\google\android-json\0.0.20131108.vaadin1\android-json-0.0.20131108.vaadin1.jar;D:\maven\mavenRepository\org\springframework\spring-core\5.1.7.RELEASE\spring-core-5.1.7.RELEASE.jar;D:\maven\mavenRepository\org\springframework\spring-jcl\5.1.7.RELEASE\spring-jcl-5.1.7.RELEASE.jar;D:\maven\mavenRepository\org\springframework\spring-test\5.1.7.RELEASE\spring-test-5.1.7.RELEASE.jar;D:\maven\mavenRepository\org\xmlunit\xmlunit-core\2.6.2\xmlunit-core-2.6.2.jar;"/>
    <property name="sun.cpu.endian" value="little"/>
    <property name="user.home" value="C:\Users\Administrator"/>
    <property name="user.language" value="zh"/>
    <property name="java.specification.vendor" value="Oracle Corporation"/>
    <property name="java.home" value="D:\Program Files\Java\jdk1.8.0_121\jre"/>
    <property name="basedir" value="C:\Users\Administrator\Desktop\com.tiger\services\config-server"/>
    <property name="file.separator" value="\"/>
    <property name="line.separator" value="&#10;"/>
    <property name="java.vm.specification.vendor" value="Oracle Corporation"/>
    <property name="java.specification.name" value="Java Platform API Specification"/>
    <property name="java.awt.graphicsenv" value="sun.awt.Win32GraphicsEnvironment"/>
    <property name="surefire.real.class.path" value="C:\Users\ADMINI~1\AppData\Local\Temp\surefire8193881025097880207\surefirebooter7445658091285419835.jar"/>
    <property name="sun.boot.class.path" value="D:\Program Files\Java\jdk1.8.0_121\jre\lib\resources.jar;D:\Program Files\Java\jdk1.8.0_121\jre\lib\rt.jar;D:\Program Files\Java\jdk1.8.0_121\jre\lib\sunrsasign.jar;D:\Program Files\Java\jdk1.8.0_121\jre\lib\jsse.jar;D:\Program Files\Java\jdk1.8.0_121\jre\lib\jce.jar;D:\Program Files\Java\jdk1.8.0_121\jre\lib\charsets.jar;D:\Program Files\Java\jdk1.8.0_121\jre\lib\jfr.jar;D:\Program Files\Java\jdk1.8.0_121\jre\classes"/>
    <property name="user.script" value=""/>
    <property name="sun.management.compiler" value="HotSpot 64-Bit Tiered Compilers"/>
    <property name="java.runtime.version" value="1.8.0_121-b13"/>
    <property name="user.name" value="Administrator"/>
    <property name="path.separator" value=";"/>
    <property name="os.version" value="10.0"/>
    <property name="java.endorsed.dirs" value="D:\Program Files\Java\jdk1.8.0_121\jre\lib\endorsed"/>
    <property name="java.runtime.name" value="Java(TM) SE Runtime Environment"/>
    <property name="file.encoding" value="GBK"/>
    <property name="java.vm.name" value="Java HotSpot(TM) 64-Bit Server VM"/>
    <property name="localRepository" value="D:\maven\mavenRepository"/>
    <property name="java.vendor.url.bug" value="http://bugreport.sun.com/bugreport/"/>
    <property name="java.io.tmpdir" value="C:\Users\ADMINI~1\AppData\Local\Temp\"/>
    <property name="java.version" value="1.8.0_121"/>
    <property name="user.dir" value="C:\Users\Administrator\Desktop\com.tiger\services\config-server"/>
    <property name="os.arch" value="amd64"/>
    <property name="java.vm.specification.name" value="Java Virtual Machine Specification"/>
    <property name="java.awt.printerjob" value="sun.awt.windows.WPrinterJob"/>
    <property name="sun.os.patch.level" value=""/>
    <property name="java.library.path" value="D:\Program Files\Java\jdk1.8.0_121\jre\bin;C:\WINDOWS\Sun\Java\bin;C:\WINDOWS\system32;C:\WINDOWS;C:\ProgramData\DockerDesktop\version-bin;C:\Program Files\Docker\Docker\Resources\bin;F:\Xftp 6\;C:\WINDOWS\system32;C:\WINDOWS;C:\WINDOWS\System32\Wbem;C:\WINDOWS\System32\WindowsPowerShell\v1.0\;D:\Program Files\Java\jdk1.8.0_121\bin;D:\Program Files\Java\jdk1.8.0_121\jre\bin;C:\Program Files\Git\cmd;C:\WINDOWS\System32\OpenSSH\;F:\maven\apache-maven-3.6.0\bin;C:\Users\Administrator\AppData\Local\Microsoft\WindowsApps;."/>
    <property name="java.vm.info" value="mixed mode"/>
    <property name="java.vendor" value="Oracle Corporation"/>
    <property name="java.vm.version" value="25.121-b13"/>
    <property name="java.ext.dirs" value="D:\Program Files\Java\jdk1.8.0_121\jre\lib\ext;C:\WINDOWS\Sun\Java\lib\ext"/>
    <property name="sun.io.unicode.encoding" value="UnicodeLittle"/>
    <property name="java.class.version" value="52.0"/>
  </properties>
  <testcase name="contextLoads" classname="com.tiger.configserver.ConfigServerApplicationTests" time="0.223"/>
</testsuite>